End2End Report Provider: 2019-09-04 19:34:15.200974
******************************************
Provider ApI is down
End Report None
End2End Report Provider: 2019-09-05 10:39:43.153238
******************************************
Provider ApI is down
End Report None
End2End Report Provider: 2019-09-05 10:40:24.148116
******************************************
Provider ApI is down
End Report None
End2End Report Provider: 2019-09-05 10:41:25.848169
******************************************
the method GET to http://green.develeap.com:8090/health got the response <Response [200]>
the method GET to http://green.develeap.com:8090/rates got the response <Response [200]>
SKIP!!!! the method GET to http://green.develeap.com:8090/bill/10003?from=20150101000000&to=20200101000000 got the response <Response [200]>
End2End Report Provider: 2019-09-05 10:41:56.146483
******************************************
the method GET to http://green.develeap.com:8090/health got the response <Response [200]>
the method GET to http://green.develeap.com:8090/rates got the response <Response [200]>
SKIP!!!! the method GET to http://green.develeap.com:8090/bill/10003?from=20150101000000&to=20200101000000 got the response <Response [200]>
the method Post to http://green.develeap.com:8090/provider got the response <Response [405]>
the method Post to http://green.develeap.com:8090/rates got the response <Response [500]>
the method Put to http://green.develeap.com:8090/provider/1111111 got the response <Response [405]>
the method Post to http://green.develeap.com:8090/truck/1111111 got the response <Response [405]>
the method Put to http://green.develeap.com:8090/truck/2212 got the response <Response [405]>
End Report None
End2End Report Provider: 2019-09-05 10:43:22.464241
******************************************
the method GET to http://green.develeap.com:8090/health got the response <Response [200]>
the method GET to http://green.develeap.com:8090/rates got the response <Response [200]>
SKIP!!!! the method GET to http://green.develeap.com:8090/bill/10003?from=20150101000000&to=20200101000000 got the response <Response [200]>
the method Post to http://green.develeap.com:8090/provider got the response <Response [405]>
the method Post to http://green.develeap.com:8090/rates got the response <Response [500]>
the method Put to http://green.develeap.com:8090/provider/1111111 got the response <Response [405]>
the method Post to http://green.develeap.com:8090/truck/1111111 got the response <Response [405]>
the method Put to http://green.develeap.com:8090/truck/2212 got the response <Response [405]>
End Report None
End2End Report Provider: 2019-09-05 10:47:58.907747
******************************************
the method GET to http://green.develeap.com:8090/health got the response <Response [200]>
the method GET to http://green.develeap.com:8090/rates got the response <Response [200]>
SKIP!!!! the method GET to http://green.develeap.com:8090/bill/10003?from=20150101000000&to=20200101000000 got the response <Response [200]>
End2End Report Provider: 2019-09-05 10:48:35.413902
******************************************
the method GET to http://green.develeap.com:8090/health got the response <Response [200]>
the method GET to http://green.develeap.com:8090/rates got the response <Response [200]>
SKIP!!!! the method GET to http://green.develeap.com:8090/bill/10003?from=20150101000000&to=20200101000000 got the response <Response [200]>
the method Post to http://green.develeap.com:8090/provider/10001 got the response <Response [200]>
the method Post to http://green.develeap.com:8090/rates got the response <Response [500]>
the method Put to http://green.develeap.com:8090/provider/1111111 got the response <Response [405]>
the method Post to http://green.develeap.com:8090/truck/1111111 got the response <Response [405]>
the method Put to http://green.develeap.com:8090/truck/2212 got the response <Response [405]>
End Report None
End2End Report Provider: 2019-09-05 10:50:08.313228
******************************************
the method GET to http://green.develeap.com:8090/health got the response <Response [200]>
the method GET to http://green.develeap.com:8090/rates got the response <Response [200]>
SKIP!!!! the method GET to http://green.develeap.com:8090/bill/10003?from=20150101000000&to=20200101000000 got the response <Response [200]>
the method Post to http://green.develeap.com:8090/provider/10001 got the response <Response [200]>
the method Post to http://green.develeap.com:8090/rates got the response <Response [500]>
the method Put to http://green.develeap.com:8090/provider/1111111 got the response <Response [405]>
the method Post to http://green.develeap.com:8090/truck/1111111 got the response <Response [405]>
the method Put to http://green.develeap.com:8090/truck/2212 got the response <Response [405]>
End Report None
End2End Report Provider: 2019-09-05 10:51:21.668391
******************************************
the method GET to http://green.develeap.com:8090/health got the response <Response [200]>
the method GET to http://green.develeap.com:8090/rates got the response <Response [200]>
SKIP!!!! the method GET to http://green.develeap.com:8090/bill/10003?from=20150101000000&to=20200101000000 got the response <Response [200]>
the method Post to http://green.develeap.com:8090/provider/10001 got the response <Response [200]>
End2End Report Provider: 2019-09-05 10:51:40.958372
******************************************
the method GET to http://green.develeap.com:8090/health got the response <Response [200]>
the method GET to http://green.develeap.com:8090/rates got the response <Response [200]>
SKIP!!!! the method GET to http://green.develeap.com:8090/bill/10003?from=20150101000000&to=20200101000000 got the response <Response [200]>
the method Post to http://green.develeap.com:8090/provider/10001 got the response <Response [200]>
the method Post to http://green.develeap.com:8090/rates got the response <Response [500]>
the method Put to http://green.develeap.com:8090/provider/1111111 got the response <Response [405]>
the method Post to http://green.develeap.com:8090/truck/1111111 got the response <Response [405]>
the method Put to http://green.develeap.com:8090/truck/2212 got the response <Response [405]>
End Report None
End2End Report Provider: 2019-09-05 10:57:44.534810
******************************************
the method GET to http://green.develeap.com:8090/health got the response <Response [200]>
the method GET to http://green.develeap.com:8090/rates got the response <Response [200]>
SKIP!!!! the method GET to http://green.develeap.com:8090/bill/10003?from=20150101000000&to=20200101000000 got the response <Response [200]>
the method Post to http://green.develeap.com:8090/provider/10001 got the response <Response [200]>
the method Post to http://green.develeap.com:8090/rates got the response <Response [200]>
the method Put to http://green.develeap.com:8090/provider/1111111 got the response <Response [405]>
the method Post to http://green.develeap.com:8090/truck/1111111 got the response <Response [405]>
the method Put to http://green.develeap.com:8090/truck/2212 got the response <Response [405]>
End Report None
End2End Report Provider: 2019-09-05 11:01:05.276607
******************************************
Provider ApI is down
End Report None
End2End Report Provider: 2019-09-05 11:01:54.819541
******************************************
the method GET to http://green.develeap.com:8090/health got the response <Response [200]>
the method GET to http://green.develeap.com:8090/rates got the response <Response [200]>
SKIP!!!! the method GET to http://green.develeap.com:8090/bill/10003?from=20150101000000&to=20200101000000 got the response <Response [200]>
the method Post to http://green.develeap.com:8090/provider/10001 got the response <Response [200]>
the method Post to http://green.develeap.com:8090/rates got the response <Response [200]>
the method Put to http://green.develeap.com:8090/provider got the response <Response [400]>
the method Post to http://green.develeap.com:8090/truck/1111111 got the response <Response [405]>
the method Put to http://green.develeap.com:8090/truck/2212 got the response <Response [405]>
End Report None
End2End Report Provider: 2019-09-05 11:02:08.881217
******************************************
the method GET to http://green.develeap.com:8090/health got the response <Response [200]>
the method GET to http://green.develeap.com:8090/rates got the response <Response [200]>
SKIP!!!! the method GET to http://green.develeap.com:8090/bill/10003?from=20150101000000&to=20200101000000 got the response <Response [200]>
the method Post to http://green.develeap.com:8090/provider/10001 got the response <Response [200]>
the method Post to http://green.develeap.com:8090/rates got the response <Response [200]>
the method Put to http://green.develeap.com:8090/provider got the response <Response [400]>
the method Post to http://green.develeap.com:8090/truck/1111111 got the response <Response [405]>
the method Put to http://green.develeap.com:8090/truck/2212 got the response <Response [405]>
End Report None
End2End Report Provider: 2019-09-05 11:02:39.596417
******************************************
the method GET to http://green.develeap.com:8090/health got the response <Response [200]>
the method GET to http://green.develeap.com:8090/rates got the response <Response [200]>
SKIP!!!! the method GET to http://green.develeap.com:8090/bill/10003?from=20150101000000&to=20200101000000 got the response <Response [200]>
the method Post to http://green.develeap.com:8090/provider/10001 got the response <Response [200]>
the method Post to http://green.develeap.com:8090/rates got the response <Response [200]>
the method Put to http://green.develeap.com:8090/provider got the response <Response [200]>
the method Post to http://green.develeap.com:8090/truck/1111111 got the response <Response [405]>
the method Put to http://green.develeap.com:8090/truck/2212 got the response <Response [405]>
End Report None
End2End Report Provider: 2019-09-05 11:02:44.226823
******************************************
the method GET to http://green.develeap.com:8090/health got the response <Response [200]>
the method GET to http://green.develeap.com:8090/rates got the response <Response [200]>
SKIP!!!! the method GET to http://green.develeap.com:8090/bill/10003?from=20150101000000&to=20200101000000 got the response <Response [200]>
the method Post to http://green.develeap.com:8090/provider/10001 got the response <Response [200]>
the method Post to http://green.develeap.com:8090/rates got the response <Response [200]>
the method Put to http://green.develeap.com:8090/provider got the response <Response [200]>
the method Post to http://green.develeap.com:8090/truck/1111111 got the response <Response [405]>
the method Put to http://green.develeap.com:8090/truck/2212 got the response <Response [405]>
End Report None
End2End Report Provider: 2019-09-05 11:03:54.521558
******************************************
the method GET to http://green.develeap.com:8090/health got the response <Response [200]>
the method GET to http://green.develeap.com:8090/rates got the response <Response [200]>
SKIP!!!! the method GET to http://green.develeap.com:8090/bill/10003?from=20150101000000&to=20200101000000 got the response <Response [200]>
the method Post to http://green.develeap.com:8090/provider/10001 got the response <Response [200]>
the method Post to http://green.develeap.com:8090/rates got the response <Response [200]>
the method Put to http://green.develeap.com:8090/provider got the response <Response [200]>
the method Post to http://green.develeap.com:8090/truck/1111111 got the response <Response [405]>
the method Put to http://green.develeap.com:8090/truck/2212 got the response <Response [405]>
End Report None
End2End Report Provider: 2019-09-05 11:07:27.799937
******************************************
the method GET to http://green.develeap.com:8090/health got the response <Response [200]>
the method GET to http://green.develeap.com:8090/rates got the response <Response [200]>
SKIP!!!! the method GET to http://green.develeap.com:8090/bill/10003?from=20150101000000&to=20200101000000 got the response <Response [200]>
the method Post to http://green.develeap.com:8090/provider/10001 got the response <Response [200]>
the method Post to http://green.develeap.com:8090/rates got the response <Response [200]>
the method Put to http://green.develeap.com:8090/provider got the response <Response [200]>
the method Post to http://green.develeap.com:8090/truck/1111111 got the response <Response [405]>
the method Put to http://green.develeap.com:8090/truck/2212 got the response <Response [405]>
End Report None
End2End Report Provider: 2019-09-05 11:09:39.454248
******************************************
the method GET to http://green.develeap.com:8090/health got the response <Response [200]>
the method GET to http://green.develeap.com:8090/rates got the response <Response [200]>
SKIP!!!! the method GET to http://green.develeap.com:8090/bill/10003?from=20150101000000&to=20200101000000 got the response <Response [200]>
the method Post to http://green.develeap.com:8090/provider/10001 got the response <Response [200]>
the method Post to http://green.develeap.com:8090/rates got the response <Response [200]>
the method Put to http://green.develeap.com:8090/provider got the response <Response [200]>
the method Post to http://green.develeap.com:8090/truck/1111111 got the response <Response [405]>
the method Put to http://green.develeap.com:8090/truck/222-33-111 got the response <Response [405]>
End Report None
End2End Report Provider: 2019-09-05 11:13:58.062523
******************************************
the method GET to http://green.develeap.com:8090/health got the response <Response [200]>
the method GET to http://green.develeap.com:8090/rates got the response <Response [200]>
SKIP!!!! the method GET to http://green.develeap.com:8090/bill/10003?from=20150101000000&to=20200101000000 got the response <Response [200]>
the method Post to http://green.develeap.com:8090/provider/10001 got the response <Response [200]>
the method Post to http://green.develeap.com:8090/rates got the response <Response [200]>
End2End Report Provider: 2019-09-05 11:14:33.819557
******************************************
the method GET to http://green.develeap.com:8090/health got the response <Response [200]>
the method GET to http://green.develeap.com:8090/rates got the response <Response [200]>
SKIP!!!! the method GET to http://green.develeap.com:8090/bill/10003?from=20150101000000&to=20200101000000 got the response <Response [200]>
the method Post to http://green.develeap.com:8090/provider/10001 got the response <Response [200]>
the method Post to http://green.develeap.com:8090/rates got the response <Response [200]>
the method Put to http://green.develeap.com:8090/provider got the response <Response [400]>
the method Post to http://green.develeap.com:8090/truck/1111111 got the response <Response [405]>
the method Put to http://green.develeap.com:8090/truck/?id=222-33-111&name=Provider 1 got the response <Response [404]>
End Report None
End2End Report Provider: 2019-09-05 11:15:30.027911
******************************************
the method GET to http://green.develeap.com:8090/health got the response <Response [200]>
the method GET to http://green.develeap.com:8090/rates got the response <Response [200]>
SKIP!!!! the method GET to http://green.develeap.com:8090/bill/10003?from=20150101000000&to=20200101000000 got the response <Response [200]>
the method Post to http://green.develeap.com:8090/provider/10001 got the response <Response [200]>
the method Post to http://green.develeap.com:8090/rates got the response <Response [200]>
the method Put to http://green.develeap.com:8090/provider got the response <Response [400]>
the method Post to http://green.develeap.com:8090/truck/1111111 got the response <Response [405]>
the method Put to http://green.develeap.com:8090/truck?id=222-33-111&name=Provider 1 got the response <Response [200]>
End Report None
End2End Report Provider: 2019-09-05 11:15:54.645311
******************************************
the method GET to http://green.develeap.com:8090/health got the response <Response [200]>
the method GET to http://green.develeap.com:8090/rates got the response <Response [200]>
SKIP!!!! the method GET to http://green.develeap.com:8090/bill/10003?from=20150101000000&to=20200101000000 got the response <Response [200]>
the method Post to http://green.develeap.com:8090/provider/10001 got the response <Response [200]>
the method Post to http://green.develeap.com:8090/rates got the response <Response [200]>
the method Put to http://green.develeap.com:8090/provider got the response <Response [200]>
the method Post to http://green.develeap.com:8090/truck/1111111 got the response <Response [405]>
the method Put to http://green.develeap.com:8090/truck?id=222-33-111&name=Provider 1 got the response <Response [200]>
End Report None
End2End Report Provider: 2019-09-05 11:17:24.935858
******************************************
the method GET to http://green.develeap.com:8090/health got the response <Response [200]>
the method GET to http://green.develeap.com:8090/rates got the response <Response [200]>
the method GET to http://green.develeap.com:8090/bill/10003?from=20150101000000&to=20200101000000 got the response <Response [200]>
the method Post to http://green.develeap.com:8090/provider/10001 got the response <Response [200]>
the method Post to http://green.develeap.com:8090/rates got the response <Response [200]>
the method Put to http://green.develeap.com:8090/provider got the response <Response [200]>
the method Post to http://green.develeap.com:8090/truck?id=2212&name=1111111 got the response <Response [200]>
the method Put to http://green.develeap.com:8090/truck?id=222-33-111&name=Provider 1 got the response <Response [200]>
End Report None
End2End Report Provider: 2019-09-05 11:19:13.299870
******************************************
the method GET to http://green.develeap.com:8090/health got the response <Response [200]>
the method GET to http://green.develeap.com:8090/rates got the response <Response [200]>
the method GET to http://green.develeap.com:8090/bill/10003?from=20150101000000&to=20200101000000 got the response <Response [200]>
the method Post to http://green.develeap.com:8090/provider/10001 got the response <Response [200]>
the method Post to http://green.develeap.com:8090/rates got the response <Response [200]>
the method Put to http://green.develeap.com:8090/provider got the response <Response [200]>
the method Post to http://green.develeap.com:8090/truck?id=2212&name=1111111 got the response <Response [200]>
the method Put to http://green.develeap.com:8090/truck?id=222-33-111&name=Provider 1 got the response <Response [200]>
End Report None
End2End Report Provider: 2019-09-05 11:21:41.505024
******************************************
the method GET to http://green.develeap.com:8090/health got the response <Response [200]>
the method GET to http://green.develeap.com:8090/rates got the response <Response [200]>
the method GET to http://green.develeap.com:8090/bill/10003?from=20150101000000&to=20200101000000 got the response <Response [200]>
the method Post to http://green.develeap.com:8090/provider/10001 got the response <Response [200]>
the method Post to http://green.develeap.com:8090/rates got the response <Response [200]>
the method Put to http://green.develeap.com:8090/provider got the response <Response [200]>
the method Post to http://green.develeap.com:8090/truck?id=2212&name=1111111 got the response <Response [200]>
the method Put to http://green.develeap.com:8090/truck?id=222-33-111&name=Provider 1 got the response <Response [200]>
End Report None
End2End Report Provider: 2019-09-05 11:22:52.080684
******************************************
the method GET to http://green.develeap.com:8090/health got the response <Response [200]>
the method GET to http://green.develeap.com:8090/rates got the response <Response [200]>
the method GET to http://green.develeap.com:8090/bill/10003?from=20150101000000&to=20200101000000 got the response <Response [200]>
the method Post to http://green.develeap.com:8090/provider/10001 got the response <Response [200]>
the method Post to http://green.develeap.com:8090/rates got the response <Response [200]>
the method Put to http://green.develeap.com:8090/provider got the response <Response [200]>
the method Post to http://green.develeap.com:8090/truck?id=2212&name=1111111 got the response <Response [200]>
the method Put to http://green.develeap.com:8090/truck?id=222-33-111&name=Provider 1 got the response <Response [200]>
End Report None
End2End Report Provider: 2019-09-05 11:26:32.453681
******************************************
the method GET to http://green.develeap.com:8090/health got the response <Response [200]>
the method GET to http://green.develeap.com:8090/rates got the response <Response [200]>
the method GET to http://green.develeap.com:8090/bill/10003?from=20150101000000&to=20200101000000 got the response <Response [200]>
the method Post to http://green.develeap.com:8090/provider/10001 got the response <Response [200]>
the method Post to http://green.develeap.com:8090/rates got the response <Response [200]>
the method Put to http://green.develeap.com:8090/provider got the response <Response [200]>
the method Post to http://green.develeap.com:8090/truck?id=2212&name=1111111 got the response <Response [200]>
the method Put to http://green.develeap.com:8090/truck?id=222-33-111&name=Provider 1 got the response <Response [200]>
End Report None
End2End Report Provider: 2019-09-05 11:27:32.019362
******************************************
the method GET to http://green.develeap.com:8090/health got the response <Response [200]>
the method GET to http://green.develeap.com:8090/rates got the response <Response [200]>
the method GET to http://green.develeap.com:8090/bill/10003?from=20150101000000&to=20200101000000 got the response <Response [200]>
the method Post to http://green.develeap.com:8090/provider/10001 got the response <Response [200]>
the method Post to http://green.develeap.com:8090/rates got the response <Response [200]>
the method Put to http://green.develeap.com:8090/provider got the response <Response [200]>
the method Post to http://green.develeap.com:8090/truck?id=2212&name=1111111 got the response <Response [200]>
the method Put to http://green.develeap.com:8090/truck?id=222-33-111&name=Provider 1 got the response <Response [200]>
End Report True
End2End Report Provider: 2019-09-05 11:28:09.671187
******************************************
the method GET to http://green.develeap.com:8090/health got the response <Response [200]>
the method GET to http://green.develeap.com:8090/rates got the response <Response [200]>
the method GET to http://green.develeap.com:8090/bill/10003?from=20150101000000&to=20200101000000 got the response <Response [200]>
the method Post to http://green.develeap.com:8090/provider/10001 got the response <Response [200]>
the method Post to http://green.develeap.com:8090/rates got the response <Response [200]>
the method Put to http://green.develeap.com:8090/provider got the response <Response [200]>
the method Post to http://green.develeap.com:8090/truck?id=2212&name=1111111 got the response <Response [200]>
the method Put to http://green.develeap.com:8090/truck?id=222-33-111&name=Provider 1 got the response <Response [200]>
End Report True
End2End Report Provider: 2019-09-05 11:32:01.271536
******************************************
Weight ApI is down 
End Report None
End2End Report Provider: 2019-09-05 11:34:00.734347
******************************************
Provider ApI is down
End Report None
End2End Report Provider: 2019-09-05 11:34:27.458485
******************************************
Provider ApI is down
End Report None
End2End Report Provider: 2019-09-05 11:38:35.160180
******************************************
the method GET to http://green.develeap.com:8090/health got the response <Response [200]>
the method GET to http://green.develeap.com:8090/unknown got the response <Response [404]>
SKIP!!!! the method GET to http://green.develeap.com:8090/session/10001 got the response <Response [404]>
SKIP!!!! the method GET to http://green.develeap.com:8090/session/10002 got the response <Response [404]>
SKIP!!!! the method GET to http://green.develeap.com:8090/weight?from=100011111111&to=201901111111&filter=in got the response <Response [404]>
the method GET to http://green.develeap.com:8090/item/T-55555?from=100011111111&to=201901111111&filter=<class 'filter'> got the response <Response [404]>
the method Post to http://green.develeap.com:8090/weight got the response <Response [404]>
the method Post to http://green.develeap.com:8090/batch-weight got the response <Response [404]>
End Report False
End2End Report Provider: 2019-09-05 11:39:57.234669
******************************************
the method GET to http://green.develeap.com:8080/health got the response <Response [200]>
the method GET to http://green.develeap.com:8080/unknown got the response <Response [200]>
SKIP!!!! the method GET to http://green.develeap.com:8080/session/10001 got the response <Response [200]>
SKIP!!!! the method GET to http://green.develeap.com:8080/session/10002 got the response <Response [200]>
SKIP!!!! the method GET to http://green.develeap.com:8080/weight?from=100011111111&to=201901111111&filter=in got the response <Response [200]>
the method GET to http://green.develeap.com:8080/item/T-55555?from=100011111111&to=201901111111&filter=<class 'filter'> got the response <Response [200]>
the method Post to http://green.develeap.com:8080/weight got the response <Response [500]>
the method Post to http://green.develeap.com:8080/batch-weight got the response <Response [500]>
End Report False
End2End Report Provider: 2019-09-05 11:46:41.183225
******************************************
the method GET to http://green.develeap.com:8080/health got the response <Response [200]>
the method GET to http://green.develeap.com:8080/unknown got the response <Response [200]>
SKIP!!!! the method GET to http://green.develeap.com:8080/session/10001 got the response <Response [200]>
SKIP!!!! the method GET to http://green.develeap.com:8080/session/10002 got the response <Response [200]>
SKIP!!!! the method GET to http://green.develeap.com:8080/weight?from=100011111111&to=201901111111&filter=in got the response <Response [200]>
the method GET to http://green.develeap.com:8080/item/T-55555?from=100011111111&to=201901111111&filter=<class 'filter'> got the response <Response [200]>
the method GET to http://green.develeap.com:8080/batch-weight got the response <Response [200]>
End Report True
End2End Report Provider: 2019-09-05 11:47:28.529388
******************************************
the method GET to http://green.develeap.com:8080/health got the response <Response [200]>
the method GET to http://green.develeap.com:8080/unknown got the response <Response [200]>
the method GET to http://green.develeap.com:8080/session/10001 got the response <Response [200]>
the method GET to http://green.develeap.com:8080/session/10002 got the response <Response [200]>
the method GET to http://green.develeap.com:8080/weight?from=100011111111&to=201901111111&filter=in got the response <Response [200]>
the method GET to http://green.develeap.com:8080/item/T-55555?from=100011111111&to=201901111111&filter=<class 'filter'> got the response <Response [200]>
the method GET to http://green.develeap.com:8080/batch-weight got the response <Response [200]>
End Report True
End2End Report Provider: 2019-09-05 11:48:08.701243
******************************************
the method GET to http://green.develeap.com:8080/health got the response <Response [200]>
the method GET to http://green.develeap.com:8080/unknown got the response <Response [200]>
the method GET to http://green.develeap.com:8080/session/10001 got the response <Response [200]>
the method GET to http://green.develeap.com:8080/session/10002 got the response <Response [200]>
the method GET to http://green.develeap.com:8080/weight?from=100011111111&to=201901111111&filter=in got the response <Response [200]>
the method GET to http://green.develeap.com:8080/item/T-55555?from=100011111111&to=201901111111&filter=<class 'filter'> got the response <Response [200]>
the method GET to http://green.develeap.com:8080/batch-weight got the response <Response [200]>
End Report True
End2End Report Provider: 2019-09-05 11:52:51.770710
******************************************
the method GET to http://green.develeap.com:8080/health got the response <Response [200]>
the method GET to http://green.develeap.com:8080/unknown got the response <Response [200]>
the method GET to http://green.develeap.com:8080/session/10001 got the response <Response [200]>
the method GET to http://green.develeap.com:8080/session/10002 got the response <Response [200]>
the method GET to http://green.develeap.com:8080/weight?from=100011111111&to=201901111111&filter=in got the response <Response [200]>
the method GET to http://green.develeap.com:8080/item/T-55555?from=100011111111&to=201901111111&filter=<class 'filter'> got the response <Response [200]>
the method GET to http://green.develeap.com:8080/batch-weight got the response <Response [200]>
End2End Report Provider: 2019-09-05 11:53:04.699741
******************************************
the method GET to http://green.develeap.com:8080/health got the response <Response [200]>
the method GET to http://green.develeap.com:8080/unknown got the response <Response [200]>
the method GET to http://green.develeap.com:8080/session/10001 got the response <Response [200]>
the method GET to http://green.develeap.com:8080/session/10002 got the response <Response [200]>
the method GET to http://green.develeap.com:8080/weight?from=100011111111&to=201901111111&filter=in got the response <Response [200]>
the method GET to http://green.develeap.com:8080/item/T-55555?from=100011111111&to=201901111111&filter=<class 'filter'> got the response <Response [200]>
the method GET to http://green.develeap.com:8080/batch-weight got the response <Response [200]>
the method Post to http://green.develeap.com:8080/weight?direction=in&truckid=na&container=55&unit=kg&forc=True&produce=tomato got the response <Response [500]>
End Report False
End2End Report Provider: 2019-09-05 11:55:32.175363
******************************************
the method GET to http://green.develeap.com:8080/health got the response <Response [200]>
the method GET to http://green.develeap.com:8080/unknown got the response <Response [200]>
the method GET to http://green.develeap.com:8080/session/10001 got the response <Response [200]>
the method GET to http://green.develeap.com:8080/session/10002 got the response <Response [200]>
the method GET to http://green.develeap.com:8080/weight?from=100011111111&to=201901111111&filter=in got the response <Response [200]>
the method GET to http://green.develeap.com:8080/item/T-55555?from=100011111111&to=201901111111&filter=<class 'filter'> got the response <Response [200]>
the method GET to http://green.develeap.com:8080/batch-weight got the response <Response [200]>
the method Post to http://green.develeap.com:8080/weight?direction=in&truckid=T-55934&container=T-46364&unit=kg&forc=0&produce=tomatoes got the response <Response [500]>
End Report False
End2End Report Provider: 2019-09-05 11:56:35.043136
******************************************
the method GET to http://green.develeap.com:8080/health got the response <Response [200]>
the method GET to http://green.develeap.com:8080/unknown got the response <Response [200]>
the method GET to http://green.develeap.com:8080/session/10001 got the response <Response [200]>
the method GET to http://green.develeap.com:8080/session/10002 got the response <Response [200]>
the method GET to http://green.develeap.com:8080/weight?from=100011111111&to=201901111111&filter=in got the response <Response [200]>
the method GET to http://green.develeap.com:8080/item/T-55555?from=100011111111&to=201901111111&filter=<class 'filter'> got the response <Response [200]>
the method GET to http://green.develeap.com:8080/batch-weight got the response <Response [200]>
the method Post to http://green.develeap.com:8080/weight?direction=in&truckid=T-55934&container=T-46364&unit=kg&forc=0&produce=tomatoes got the response <Response [500]>
End Report False
End2End Report Provider: 2019-09-05 11:57:18.252021
******************************************
the method GET to http://green.develeap.com:8080/health got the response <Response [200]>
the method GET to http://green.develeap.com:8080/unknown got the response <Response [200]>
the method GET to http://green.develeap.com:8080/session/10001 got the response <Response [200]>
the method GET to http://green.develeap.com:8080/session/10002 got the response <Response [200]>
the method GET to http://green.develeap.com:8080/weight?from=100011111111&to=201901111111&filter=in got the response <Response [200]>
the method GET to http://green.develeap.com:8080/item/T-55555?from=100011111111&to=201901111111&filter=<class 'filter'> got the response <Response [200]>
the method GET to http://green.develeap.com:8080/batch-weight got the response <Response [200]>
End2End Report Provider: 2019-09-05 11:58:18.407919
******************************************
the method GET to http://green.develeap.com:8080/health got the response <Response [200]>
the method GET to http://green.develeap.com:8080/unknown got the response <Response [200]>
the method GET to http://green.develeap.com:8080/session/10001 got the response <Response [200]>
the method GET to http://green.develeap.com:8080/session/10002 got the response <Response [200]>
the method GET to http://green.develeap.com:8080/weight?from=100011111111&to=201901111111&filter=in got the response <Response [200]>
the method GET to http://green.develeap.com:8080/item/T-55555?from=100011111111&to=201901111111&filter=<class 'filter'> got the response <Response [200]>
the method GET to http://green.develeap.com:8080/batch-weight got the response <Response [200]>
End2End Report Provider: 2019-09-05 11:59:16.327529
******************************************
the method GET to http://green.develeap.com:8080/health got the response <Response [200]>
the method GET to http://green.develeap.com:8080/unknown got the response <Response [200]>
the method GET to http://green.develeap.com:8080/session/10001 got the response <Response [200]>
the method GET to http://green.develeap.com:8080/session/10002 got the response <Response [200]>
the method GET to http://green.develeap.com:8080/weight?from=100011111111&to=201901111111&filter=in got the response <Response [200]>
the method GET to http://green.develeap.com:8080/item/T-55555?from=100011111111&to=201901111111&filter=<class 'filter'> got the response <Response [200]>
the method GET to http://green.develeap.com:8080/batch-weight got the response <Response [200]>
SKIP!!!! the method Post  to http://green.develeap.com:8080/weight?direction=in&truckid=T-55934&container=T-46364&unit=kg&forc=0&produce=tomatoes got the response <Response [500]>
End Report True
