End2End Report Provider: 2019-09-04 11:01:40.761997
******************************************
Provider ApI is down
End Report True
End2End Report Provider: 2019-09-04 11:03:05.576866
******************************************
Provider ApI is down
End Report True
End2End Report Provider: 2019-09-04 11:03:09.215034
******************************************
Provider ApI is down
End Report True
End2End Report Weight: 2019-09-04 11:03:43.991651
******************************************
Weight ApI is down 
End Report True
End2End Report Weight: 2019-09-04 11:03:47.408360
******************************************
Weight ApI is down 
End Report True
